Solid Edge Translation to STEP
Date: Thursday,December 10,2020 04:30PM
Output File: F:\modellezés\sw5\kar.stp
Author: Unknown
Organization: Unknown
Source System: Solid Edge

Hardware:
Processor: AMD A8-6600K APU with Radeon(tm) HD Graphics   
Operating System: Windows 8
Installed Memory: 15.96 GB

Software Information
Parasolid Version: 30.0.167
PSBodyShop Version: 30.0.81
Step Adapter Version: 3.0.52
Solid Edge Version: 110.00.00.107 x64

STEP Export Options
Export Format: AP214
Export Construction Sheets: Off
Export Construction Solids: Off
Export Construction Wires: Off
Export Displayed Parts Only: Off
Export Units: Millimeters
Export Part Component Names As Unicode: Off

Phase 1 of 1 Translating Parasolid to foreign data types...
Translation process completed
Time required to translate:00 : 00 : 00
